<?xml version="1.0" encoding="UTF-8"?>
<testsuite name="android.mobileconnect.gsma.com.sdk.ExampleUnitTest" tests="1" skipped="0" failures="0" errors="0" timestamp="2016-08-24T10:10:54" hostname="MAC2356.local" time="0.002">
  <properties/>
  <testcase name="addition_isCorrect" classname="android.mobileconnect.gsma.com.sdk.ExampleUnitTest" time="0.002"/>
  <system-out><![CDATA[]]></system-out>
  <system-err><![CDATA[]]></system-err>
</testsuite>
